[debug] [2021-11-06T19:33:30.986Z] ----------------------------------------------------------------------
[debug] [2021-11-06T19:33:30.988Z] Command:       /home/suhaas/.nvm/versions/node/v16.8.0/bin/node /home/suhaas/.nvm/versions/node/v16.8.0/bin/firebase init
[debug] [2021-11-06T19:33:30.988Z] CLI Version:   9.22.0
[debug] [2021-11-06T19:33:30.988Z] Platform:      linux
[debug] [2021-11-06T19:33:30.988Z] Node Version:  v16.8.0
[debug] [2021-11-06T19:33:30.989Z] Time:          Sun Nov 07 2021 01:03:30 GMT+0530 (India Standard Time)
[debug] [2021-11-06T19:33:30.989Z] ----------------------------------------------------------------------
[debug] 
[debug] [2021-11-06T19:33:30.994Z] > command requires scopes: ["email","openid","https://www.googleapis.com/auth/cloudplatformprojects.readonly","https://www.googleapis.com/auth/firebase","https://www.googleapis.com/auth/cloud-platform"]
[debug] [2021-11-06T19:33:30.994Z] > authorizing via signed-in user (suhaasd13@gmail.com)
[info] 
     ######## #### ########  ######## ########     ###     ######  ########
     ##        ##  ##     ## ##       ##     ##  ##   ##  ##       ##
     ######    ##  ########  ######   ########  #########  ######  ######
     ##        ##  ##    ##  ##       ##     ## ##     ##       ## ##
     ##       #### ##     ## ######## ########  ##     ##  ######  ########

You're about to initialize a Firebase project in this directory:

  /home/suhaas/Desktop/ConnectCbit/Django-React-Blog/frontend/blog_frontend

[info] 
=== Project Setup
[info] 
[info] First, let's associate this project directory with a Firebase project.
[info] You can create multiple project aliases by running firebase use --add, 
[info] but for now we'll just set up a default project.
[info] 
[debug] [2021-11-06T19:33:46.816Z] > refreshing access token with scopes: []
[debug] [2021-11-06T19:33:46.818Z] >>> HTTP REQUEST POST https://www.googleapis.com/oauth2/v3/token  
 <request body omitted>
[debug] [2021-11-06T19:33:47.101Z] <<< HTTP RESPONSE 200 {"pragma":"no-cache","cache-control":"no-cache, no-store, max-age=0, must-revalidate","date":"Sat, 06 Nov 2021 19:33:46 GMT","expires":"Mon, 01 Jan 1990 00:00:00 GMT","content-type":"application/json; charset=utf-8","vary":"X-Origin, Referer, Origin,Accept-Encoding","server":"scaffolding on HTTPServer2","x-xss-protection":"0","x-frame-options":"SAMEORIGIN","x-content-type-options":"nosniff","alt-svc":"h3=\":443\"; ma=2592000,h3-29=\":443\"; ma=2592000,h3-Q050=\":443\"; ma=2592000,h3-Q046=\":443\"; ma=2592000,h3-Q043=\":443\"; ma=2592000,quic=\":443\"; ma=2592000; v=\"46,43\"","accept-ranges":"none","transfer-encoding":"chunked"}
[debug] [2021-11-06T19:33:47.190Z] >>> [apiv2][query] GET https://firebase.googleapis.com/v1beta1/projects pageSize=100
[debug] [2021-11-06T19:33:47.902Z] <<< [apiv2][status] GET https://firebase.googleapis.com/v1beta1/projects 200
[debug] [2021-11-06T19:33:47.903Z] <<< [apiv2][body] GET https://firebase.googleapis.com/v1beta1/projects [omitted]
[info] i  Using project connect-cbit (connect-cbit) 
[info] 
=== Hosting Setup
[info] 
[info] Your public directory is the folder (relative to your project directory) that
[info] will contain Hosting assets to be uploaded with firebase deploy. If you
[info] have a build process for your assets, use your build's output directory.
[info] 
